{"C:\\Users\\IT USER\\Documents\\GitHub\\NodejsGSkLecture\\Express-101\\server.ts": {"path":"C:\\Users\\IT USER\\Documents\\GitHub\\NodejsGSkLecture\\Express-101\\server.ts","statementMap":{"0":{"start":{"line":1,"column":0},"end":{"line":1,"column":23}},"1":{"start":{"line":3,"column":0},"end":{"line":3,"column":77}},"2":{"start":{"line":4,"column":0},"end":{"line":4,"column":29}},"3":{"start":{"line":5,"column":0},"end":{"line":5,"column":25}},"4":{"start":{"line":6,"column":0},"end":{"line":6,"column":55}},"5":{"start":{"line":7,"column":0},"end":{"line":7,"column":55}},"6":{"start":{"line":8,"column":0},"end":{"line":8,"column":48}},"7":{"start":{"line":9,"column":0},"end":{"line":9,"column":51}},"8":{"start":{"line":10,"column":0},"end":{"line":10,"column":51}},"9":{"start":{"line":12,"column":0},"end":{"line":12,"column":46}},"10":{"start":{"line":13,"column":0},"end":{"line":13,"column":69}},"11":{"start":{"line":18,"column":13},"end":{"line":18,"column":34}},"12":{"start":{"line":19,"column":0},"end":{"line":19,"column":49}},"13":{"start":{"line":21,"column":13},"end":{"line":21,"column":29}},"14":{"start":{"line":24,"column":0},"end":{"line":27,"column":3}},"15":{"start":{"line":25,"column":2},"end":{"line":25,"column":34}},"16":{"start":{"line":26,"column":2},"end":{"line":26,"column":9}},"17":{"start":{"line":29,"column":0},"end":{"line":29,"column":24}},"18":{"start":{"line":30,"column":0},"end":{"line":30,"column":30}},"19":{"start":{"line":31,"column":0},"end":{"line":31,"column":26}},"20":{"start":{"line":32,"column":0},"end":{"line":35,"column":18}},"21":{"start":{"line":36,"column":0},"end":{"line":43,"column":2}},"22":{"start":{"line":45,"column":0},"end":{"line":51,"column":2}},"23":{"start":{"line":48,"column":6},"end":{"line":48,"column":60}},"24":{"start":{"line":53,"column":0},"end":{"line":53,"column":69}},"25":{"start":{"line":54,"column":0},"end":{"line":54,"column":37}},"26":{"start":{"line":55,"column":0},"end":{"line":55,"column":36}},"27":{"start":{"line":60,"column":21},"end":{"line":60,"column":63}},"28":{"start":{"line":63,"column":25},"end":{"line":63,"column":62}},"29":{"start":{"line":66,"column":0},"end":{"line":82,"column":3}},"30":{"start":{"line":68,"column":2},"end":{"line":73,"column":3}},"31":{"start":{"line":69,"column":4},"end":{"line":72,"column":7}},"32":{"start":{"line":75,"column":22},"end":{"line":77,"column":59}},"33":{"start":{"line":81,"column":2},"end":{"line":81,"column":36}},"34":{"start":{"line":83,"column":0},"end":{"line":85,"column":3}},"35":{"start":{"line":84,"column":2},"end":{"line":84,"column":26}},"36":{"start":{"line":86,"column":0},"end":{"line":90,"column":3}},"37":{"start":{"line":88,"column":0},"end":{"line":90,"column":3}},"38":{"start":{"line":89,"column":2},"end":{"line":89,"column":48}}},"fnMap":{"0":{"name":"(anonymous_1)","decl":{"start":{"line":24,"column":8},"end":{"line":24,"column":9}},"loc":{"start":{"line":24,"column":27},"end":{"line":27,"column":1}}},"1":{"name":"(anonymous_2)","decl":{"start":{"line":47,"column":16},"end":{"line":47,"column":17}},"loc":{"start":{"line":47,"column":30},"end":{"line":49,"column":5}}},"2":{"name":"(anonymous_3)","decl":{"start":{"line":66,"column":8},"end":{"line":66,"column":9}},"loc":{"start":{"line":66,"column":40},"end":{"line":82,"column":1}}},"3":{"name":"(anonymous_4)","decl":{"start":{"line":83,"column":8},"end":{"line":83,"column":9}},"loc":{"start":{"line":83,"column":76},"end":{"line":85,"column":1}}},"4":{"name":"(anonymous_5)","decl":{"start":{"line":88,"column":17},"end":{"line":88,"column":20}},"loc":{"start":{"line":88,"column":22},"end":{"line":90,"column":1}}}},"branchMap":{"0":{"loc":{"start":{"line":68,"column":2},"end":{"line":73,"column":3}},"type":"if","locations":[{"start":{"line":68,"column":2},"end":{"line":73,"column":3}},{"start":{},"end":{}}]},"1":{"loc":{"start":{"line":86,"column":0},"end":{"line":90,"column":3}},"type":"if","locations":[{"start":{"line":86,"column":0},"end":{"line":90,"column":3}},{"start":{},"end":{}}]}},"s":{"0":1,"1":1,"2":1,"3":1,"4":1,"5":1,"6":1,"7":1,"8":1,"9":1,"10":1,"11":1,"12":1,"13":1,"14":1,"15":3,"16":3,"17":1,"18":1,"19":1,"20":1,"21":1,"22":1,"23":0,"24":1,"25":1,"26":1,"27":1,"28":1,"29":1,"30":0,"31":0,"32":0,"33":0,"34":1,"35":1,"36":1,"37":0,"38":0},"f":{"0":3,"1":0,"2":0,"3":1,"4":0},"b":{"0":[0,0],"1":[0,1]}}
,"C:\\Users\\IT USER\\Documents\\GitHub\\NodejsGSkLecture\\Express-101\\config\\app.config.ts": {"path":"C:\\Users\\IT USER\\Documents\\GitHub\\NodejsGSkLecture\\Express-101\\config\\app.config.ts","statementMap":{"0":{"start":{"line":3,"column":0},"end":{"line":3,"column":47}},"1":{"start":{"line":4,"column":13},"end":{"line":4,"column":71}}},"fnMap":{},"branchMap":{},"s":{"0":1,"1":1},"f":{},"b":{}}
,"C:\\Users\\IT USER\\Documents\\GitHub\\NodejsGSkLecture\\Express-101\\config\\multer.config.ts": {"path":"C:\\Users\\IT USER\\Documents\\GitHub\\NodejsGSkLecture\\Express-101\\config\\multer.config.ts","statementMap":{"0":{"start":{"line":1,"column":0},"end":{"line":1,"column":28}},"1":{"start":{"line":3,"column":0},"end":{"line":3,"column":24}},"2":{"start":{"line":5,"column":22},"end":{"line":5,"column":56}},"3":{"start":{"line":6,"column":13},"end":{"line":28,"column":3}},"4":{"start":{"line":9,"column":6},"end":{"line":9,"column":30}},"5":{"start":{"line":12,"column":25},"end":{"line":14,"column":43}},"6":{"start":{"line":15,"column":6},"end":{"line":15,"column":27}},"7":{"start":{"line":22,"column":4},"end":{"line":26,"column":5}},"8":{"start":{"line":23,"column":6},"end":{"line":23,"column":21}},"9":{"start":{"line":25,"column":6},"end":{"line":25,"column":54}},"10":{"start":{"line":30,"column":28},"end":{"line":31,"column":32}},"11":{"start":{"line":31,"column":2},"end":{"line":31,"column":32}},"12":{"start":{"line":30,"column":13},"end":{"line":30,"column":28}},"13":{"start":{"line":32,"column":30},"end":{"line":33,"column":41}},"14":{"start":{"line":33,"column":2},"end":{"line":33,"column":41}},"15":{"start":{"line":32,"column":13},"end":{"line":32,"column":30}}},"fnMap":{"0":{"name":"(anonymous_1)","decl":{"start":{"line":8,"column":17},"end":{"line":8,"column":18}},"loc":{"start":{"line":8,"column":37},"end":{"line":10,"column":5}}},"1":{"name":"(anonymous_2)","decl":{"start":{"line":11,"column":14},"end":{"line":11,"column":15}},"loc":{"start":{"line":11,"column":48},"end":{"line":16,"column":5}}},"2":{"name":"(anonymous_3)","decl":{"start":{"line":21,"column":14},"end":{"line":21,"column":15}},"loc":{"start":{"line":21,"column":32},"end":{"line":27,"column":3}}},"3":{"name":"(anonymous_4)","decl":{"start":{"line":30,"column":28},"end":{"line":30,"column":29}},"loc":{"start":{"line":31,"column":2},"end":{"line":31,"column":32}}},"4":{"name":"(anonymous_5)","decl":{"start":{"line":32,"column":30},"end":{"line":32,"column":31}},"loc":{"start":{"line":33,"column":2},"end":{"line":33,"column":41}}}},"branchMap":{"0":{"loc":{"start":{"line":22,"column":4},"end":{"line":26,"column":5}},"type":"if","locations":[{"start":{"line":22,"column":4},"end":{"line":26,"column":5}},{"start":{"line":24,"column":11},"end":{"line":26,"column":5}}]}},"s":{"0":1,"1":1,"2":1,"3":1,"4":0,"5":0,"6":0,"7":0,"8":0,"9":0,"10":1,"11":3,"12":1,"13":1,"14":0,"15":1},"f":{"0":0,"1":0,"2":0,"3":3,"4":0},"b":{"0":[0,0]}}
,"C:\\Users\\IT USER\\Documents\\GitHub\\NodejsGSkLecture\\Express-101\\middlewares\\auth.middleware.ts": {"path":"C:\\Users\\IT USER\\Documents\\GitHub\\NodejsGSkLecture\\Express-101\\middlewares\\auth.middleware.ts","statementMap":{"0":{"start":{"line":2,"column":0},"end":{"line":2,"column":58}},"1":{"start":{"line":3,"column":0},"end":{"line":3,"column":49}},"2":{"start":{"line":4,"column":0},"end":{"line":4,"column":54}},"3":{"start":{"line":6,"column":0},"end":{"line":6,"column":57}},"4":{"start":{"line":8,"column":0},"end":{"line":38,"column":5}},"5":{"start":{"line":12,"column":8},"end":{"line":18,"column":9}},"6":{"start":{"line":13,"column":33},"end":{"line":13,"column":78}},"7":{"start":{"line":14,"column":12},"end":{"line":17,"column":13}},"8":{"start":{"line":15,"column":16},"end":{"line":15,"column":23}},"9":{"start":{"line":16,"column":16},"end":{"line":16,"column":23}},"10":{"start":{"line":19,"column":25},"end":{"line":19,"column":50}},"11":{"start":{"line":20,"column":8},"end":{"line":31,"column":5}},"12":{"start":{"line":21,"column":12},"end":{"line":21,"column":44}},"13":{"start":{"line":22,"column":2},"end":{"line":22,"column":25}},"14":{"start":{"line":23,"column":2},"end":{"line":30,"column":9}},"15":{"start":{"line":24,"column":21},"end":{"line":24,"column":35}},"16":{"start":{"line":26,"column":9},"end":{"line":26,"column":16}},"17":{"start":{"line":27,"column":12},"end":{"line":27,"column":19}},"18":{"start":{"line":29,"column":4},"end":{"line":29,"column":34}},"19":{"start":{"line":32,"column":8},"end":{"line":36,"column":10}},"20":{"start":{"line":7,"column":13},"end":{"line":7,"column":null}}},"fnMap":{"0":{"name":"(anonymous_0)","decl":{"start":{"line":8,"column":0},"end":{"line":8,"column":1}},"loc":{"start":{"line":10,"column":25},"end":{"line":38,"column":5}}}},"branchMap":{"0":{"loc":{"start":{"line":12,"column":8},"end":{"line":18,"column":9}},"type":"if","locations":[{"start":{"line":12,"column":8},"end":{"line":18,"column":9}},{"start":{},"end":{}}]},"1":{"loc":{"start":{"line":14,"column":12},"end":{"line":17,"column":13}},"type":"if","locations":[{"start":{"line":14,"column":12},"end":{"line":17,"column":13}},{"start":{},"end":{}}]},"2":{"loc":{"start":{"line":20,"column":8},"end":{"line":31,"column":5}},"type":"if","locations":[{"start":{"line":20,"column":8},"end":{"line":31,"column":5}},{"start":{},"end":{}}]}},"s":{"0":1,"1":1,"2":1,"3":1,"4":1,"5":3,"6":0,"7":0,"8":0,"9":0,"10":3,"11":3,"12":2,"13":2,"14":2,"15":2,"16":2,"17":2,"18":0,"19":1,"20":1},"f":{"0":3},"b":{"0":[0,3],"1":[0,0],"2":[2,1]}}
,"C:\\Users\\IT USER\\Documents\\GitHub\\NodejsGSkLecture\\Express-101\\middlewares\\response.middleware.ts": {"path":"C:\\Users\\IT USER\\Documents\\GitHub\\NodejsGSkLecture\\Express-101\\middlewares\\response.middleware.ts","statementMap":{"0":{"start":{"line":21,"column":48},"end":{"line":34,"column":1}},"1":{"start":{"line":22,"column":2},"end":{"line":23,"column":73}},"2":{"start":{"line":23,"column":4},"end":{"line":23,"column":72}},"3":{"start":{"line":25,"column":2},"end":{"line":26,"column":73}},"4":{"start":{"line":26,"column":4},"end":{"line":26,"column":72}},"5":{"start":{"line":28,"column":2},"end":{"line":31,"column":67}},"6":{"start":{"line":29,"column":4},"end":{"line":31,"column":66}},"7":{"start":{"line":33,"column":2},"end":{"line":33,"column":9}},"8":{"start":{"line":21,"column":13},"end":{"line":21,"column":48}},"9":{"start":{"line":36,"column":30},"end":{"line":36,"column":62}},"10":{"start":{"line":36,"column":59},"end":{"line":36,"column":62}}},"fnMap":{"0":{"name":"(anonymous_0)","decl":{"start":{"line":21,"column":48},"end":{"line":21,"column":49}},"loc":{"start":{"line":21,"column":67},"end":{"line":34,"column":1}}},"1":{"name":"(anonymous_1)","decl":{"start":{"line":22,"column":11},"end":{"line":22,"column":12}},"loc":{"start":{"line":23,"column":4},"end":{"line":23,"column":72}}},"2":{"name":"(anonymous_2)","decl":{"start":{"line":25,"column":15},"end":{"line":25,"column":16}},"loc":{"start":{"line":26,"column":4},"end":{"line":26,"column":72}}},"3":{"name":"(anonymous_3)","decl":{"start":{"line":28,"column":14},"end":{"line":28,"column":15}},"loc":{"start":{"line":29,"column":4},"end":{"line":31,"column":66}}},"4":{"name":"(anonymous_4)","decl":{"start":{"line":36,"column":30},"end":{"line":36,"column":31}},"loc":{"start":{"line":36,"column":59},"end":{"line":36,"column":62}}}},"branchMap":{},"s":{"0":1,"1":3,"2":1,"3":3,"4":1,"5":3,"6":0,"7":3,"8":1,"9":1,"10":2},"f":{"0":3,"1":1,"2":1,"3":0,"4":2},"b":{}}
,"C:\\Users\\IT USER\\Documents\\GitHub\\NodejsGSkLecture\\Express-101\\module\\auth\\auth.controller.ts": {"path":"C:\\Users\\IT USER\\Documents\\GitHub\\NodejsGSkLecture\\Express-101\\module\\auth\\auth.controller.ts","statementMap":{"0":{"start":{"line":2,"column":0},"end":{"line":2,"column":45}},"1":{"start":{"line":3,"column":0},"end":{"line":3,"column":71}},"2":{"start":{"line":7,"column":0},"end":{"line":7,"column":54}},"3":{"start":{"line":8,"column":0},"end":{"line":8,"column":71}},"4":{"start":{"line":11,"column":0},"end":{"line":11,"column":63}},"5":{"start":{"line":13,"column":0},"end":{"line":13,"column":42}},"6":{"start":{"line":16,"column":24},"end":{"line":16,"column":41}},"7":{"start":{"line":32,"column":6},"end":{"line":47,"column":5}},"8":{"start":{"line":33,"column":22},"end":{"line":33,"column":70}},"9":{"start":{"line":34,"column":17},"end":{"line":34,"column":58}},"10":{"start":{"line":35,"column":4},"end":{"line":35,"column":29}},"11":{"start":{"line":36,"column":5},"end":{"line":36,"column":22}},"12":{"start":{"line":40,"column":6},"end":{"line":40,"column":25}},"13":{"start":{"line":41,"column":6},"end":{"line":43,"column":7}},"14":{"start":{"line":42,"column":8},"end":{"line":42,"column":53}},"15":{"start":{"line":44,"column":6},"end":{"line":44,"column":98}},"16":{"start":{"line":52,"column":22},"end":{"line":52,"column":67}},"17":{"start":{"line":54,"column":18},"end":{"line":54,"column":59}},"18":{"start":{"line":55,"column":3},"end":{"line":59,"column":4}},"19":{"start":{"line":56,"column":4},"end":{"line":57,"column":32}},"20":{"start":{"line":58,"column":4},"end":{"line":58,"column":12}},"21":{"start":{"line":60,"column":3},"end":{"line":60,"column":38}},"22":{"start":{"line":62,"column":3},"end":{"line":62,"column":34}},"23":{"start":{"line":67,"column":3},"end":{"line":67,"column":20}},"24":{"start":{"line":72,"column":22},"end":{"line":72,"column":67}},"25":{"start":{"line":74,"column":18},"end":{"line":74,"column":59}},"26":{"start":{"line":75,"column":3},"end":{"line":79,"column":4}},"27":{"start":{"line":76,"column":4},"end":{"line":77,"column":32}},"28":{"start":{"line":78,"column":4},"end":{"line":78,"column":12}},"29":{"start":{"line":80,"column":12},"end":{"line":80,"column":57}},"30":{"start":{"line":82,"column":3},"end":{"line":82,"column":33}},"31":{"start":{"line":87,"column":2},"end":{"line":90,"column":null}},"32":{"start":{"line":89,"column":4},"end":{"line":89,"column":14}},"33":{"start":{"line":92,"column":2},"end":{"line":92,"column":null}},"34":{"start":{"line":15,"column":0},"end":{"line":15,"column":13}},"35":{"start":{"line":95,"column":13},"end":{"line":95,"column":49}}},"fnMap":{"0":{"name":"(anonymous_0)","decl":{"start":{"line":27,"column":10},"end":{"line":27,"column":15}},"loc":{"start":{"line":30,"column":21},"end":{"line":48,"column":1}}},"1":{"name":"(anonymous_1)","decl":{"start":{"line":50,"column":10},"end":{"line":50,"column":15}},"loc":{"start":{"line":51,"column":43},"end":{"line":68,"column":3}}},"2":{"name":"(anonymous_2)","decl":{"start":{"line":70,"column":11},"end":{"line":70,"column":16}},"loc":{"start":{"line":71,"column":50},"end":{"line":83,"column":3}}},"3":{"name":"(anonymous_3)","decl":{"start":{"line":85,"column":10},"end":{"line":85,"column":16}},"loc":{"start":{"line":85,"column":59},"end":{"line":93,"column":1}}},"4":{"name":"(anonymous_4)","decl":{"start":{"line":87,"column":22},"end":{"line":87,"column":31}},"loc":{"start":{"line":87,"column":34},"end":{"line":90,"column":3}}}},"branchMap":{"0":{"loc":{"start":{"line":41,"column":6},"end":{"line":43,"column":7}},"type":"if","locations":[{"start":{"line":41,"column":6},"end":{"line":43,"column":7}},{"start":{},"end":{}}]},"1":{"loc":{"start":{"line":55,"column":3},"end":{"line":59,"column":4}},"type":"if","locations":[{"start":{"line":55,"column":3},"end":{"line":59,"column":4}},{"start":{},"end":{}}]},"2":{"loc":{"start":{"line":75,"column":3},"end":{"line":79,"column":4}},"type":"if","locations":[{"start":{"line":75,"column":3},"end":{"line":79,"column":4}},{"start":{},"end":{}}]}},"s":{"0":1,"1":1,"2":1,"3":1,"4":1,"5":1,"6":1,"7":0,"8":0,"9":0,"10":0,"11":0,"12":0,"13":0,"14":0,"15":0,"16":0,"17":0,"18":0,"19":0,"20":0,"21":0,"22":0,"23":0,"24":0,"25":0,"26":0,"27":0,"28":0,"29":0,"30":0,"31":0,"32":0,"33":0,"34":1,"35":1},"f":{"0":0,"1":0,"2":0,"3":0,"4":0},"b":{"0":[0,0],"1":[0,0],"2":[0,0]}}
,"C:\\Users\\IT USER\\Documents\\GitHub\\NodejsGSkLecture\\Express-101\\module\\auth\\auth.router.ts": {"path":"C:\\Users\\IT USER\\Documents\\GitHub\\NodejsGSkLecture\\Express-101\\module\\auth\\auth.router.ts","statementMap":{"0":{"start":{"line":1,"column":0},"end":{"line":1,"column":49}},"1":{"start":{"line":2,"column":0},"end":{"line":2,"column":58}},"2":{"start":{"line":3,"column":0},"end":{"line":3,"column":51}},"3":{"start":{"line":5,"column":15},"end":{"line":5,"column":23}},"4":{"start":{"line":8,"column":0},"end":{"line":8,"column":94}},"5":{"start":{"line":12,"column":0},"end":{"line":12,"column":83}},"6":{"start":{"line":13,"column":0},"end":{"line":14,"column":73}},"7":{"start":{"line":16,"column":0},"end":{"line":16,"column":46}},"8":{"start":{"line":18,"column":13},"end":{"line":18,"column":33}}},"fnMap":{},"branchMap":{},"s":{"0":1,"1":1,"2":1,"3":1,"4":1,"5":1,"6":1,"7":1,"8":1},"f":{},"b":{}}
,"C:\\Users\\IT USER\\Documents\\GitHub\\NodejsGSkLecture\\Express-101\\module\\auth\\auth.service.ts": {"path":"C:\\Users\\IT USER\\Documents\\GitHub\\NodejsGSkLecture\\Express-101\\module\\auth\\auth.service.ts","statementMap":{"0":{"start":{"line":2,"column":0},"end":{"line":2,"column":70}},"1":{"start":{"line":3,"column":0},"end":{"line":3,"column":55}},"2":{"start":{"line":4,"column":0},"end":{"line":4,"column":51}},"3":{"start":{"line":7,"column":25},"end":{"line":7,"column":36}},"4":{"start":{"line":10,"column":24},"end":{"line":10,"column":63}},"5":{"start":{"line":12,"column":21},"end":{"line":16,"column":null}},"6":{"start":{"line":19,"column":4},"end":{"line":19,"column":48}},"7":{"start":{"line":24,"column":20},"end":{"line":24,"column":64}},"8":{"start":{"line":26,"column":4},"end":{"line":28,"column":4}},"9":{"start":{"line":27,"column":0},"end":{"line":27,"column":12}},"10":{"start":{"line":30,"column":27},"end":{"line":30,"column":85}},"11":{"start":{"line":31,"column":4},"end":{"line":33,"column":5}},"12":{"start":{"line":32,"column":6},"end":{"line":32,"column":18}},"13":{"start":{"line":35,"column":4},"end":{"line":35,"column":48}},"14":{"start":{"line":6,"column":0},"end":{"line":6,"column":13}}},"fnMap":{"0":{"name":"(anonymous_0)","decl":{"start":{"line":8,"column":8},"end":{"line":8,"column":13}},"loc":{"start":{"line":8,"column":43},"end":{"line":20,"column":3}}},"1":{"name":"(anonymous_1)","decl":{"start":{"line":22,"column":9},"end":{"line":22,"column":14}},"loc":{"start":{"line":22,"column":37},"end":{"line":36,"column":3}}}},"branchMap":{"0":{"loc":{"start":{"line":26,"column":4},"end":{"line":28,"column":4}},"type":"if","locations":[{"start":{"line":26,"column":4},"end":{"line":28,"column":4}},{"start":{},"end":{}}]},"1":{"loc":{"start":{"line":31,"column":4},"end":{"line":33,"column":5}},"type":"if","locations":[{"start":{"line":31,"column":4},"end":{"line":33,"column":5}},{"start":{},"end":{}}]}},"s":{"0":1,"1":1,"2":1,"3":1,"4":0,"5":0,"6":0,"7":0,"8":0,"9":0,"10":0,"11":0,"12":0,"13":0,"14":1},"f":{"0":0,"1":0},"b":{"0":[0,0],"1":[0,0]}}
,"C:\\Users\\IT USER\\Documents\\GitHub\\NodejsGSkLecture\\Express-101\\module\\auth\\util\\argon.utils.ts": {"path":"C:\\Users\\IT USER\\Documents\\GitHub\\NodejsGSkLecture\\Express-101\\module\\auth\\util\\argon.utils.ts","statementMap":{"0":{"start":{"line":1,"column":0},"end":{"line":1,"column":28}},"1":{"start":{"line":3,"column":29},"end":{"line":5,"column":1}},"2":{"start":{"line":4,"column":4},"end":{"line":4,"column":34}},"3":{"start":{"line":3,"column":13},"end":{"line":3,"column":29}},"4":{"start":{"line":8,"column":29},"end":{"line":10,"column":1}},"5":{"start":{"line":9,"column":4},"end":{"line":9,"column":49}},"6":{"start":{"line":8,"column":13},"end":{"line":8,"column":29}}},"fnMap":{"0":{"name":"(anonymous_1)","decl":{"start":{"line":3,"column":29},"end":{"line":3,"column":30}},"loc":{"start":{"line":3,"column":49},"end":{"line":5,"column":1}}},"1":{"name":"(anonymous_2)","decl":{"start":{"line":8,"column":29},"end":{"line":8,"column":30}},"loc":{"start":{"line":8,"column":68},"end":{"line":10,"column":1}}}},"branchMap":{},"s":{"0":1,"1":1,"2":0,"3":1,"4":1,"5":0,"6":1},"f":{"0":0,"1":0},"b":{}}
,"C:\\Users\\IT USER\\Documents\\GitHub\\NodejsGSkLecture\\Express-101\\module\\auth\\util\\auth.schema.ts": {"path":"C:\\Users\\IT USER\\Documents\\GitHub\\NodejsGSkLecture\\Express-101\\module\\auth\\util\\auth.schema.ts","statementMap":{"0":{"start":{"line":1,"column":0},"end":{"line":1,"column":57}},"1":{"start":{"line":5,"column":13},"end":{"line":10,"column":37}},"2":{"start":{"line":14,"column":17},"end":{"line":17,"column":34}}},"fnMap":{},"branchMap":{},"s":{"0":1,"1":1,"2":1},"f":{},"b":{}}
,"C:\\Users\\IT USER\\Documents\\GitHub\\NodejsGSkLecture\\Express-101\\module\\auth\\util\\jwt.util.ts": {"path":"C:\\Users\\IT USER\\Documents\\GitHub\\NodejsGSkLecture\\Express-101\\module\\auth\\util\\jwt.util.ts","statementMap":{"0":{"start":{"line":1,"column":0},"end":{"line":1,"column":76}},"1":{"start":{"line":2,"column":0},"end":{"line":2,"column":34}},"2":{"start":{"line":3,"column":0},"end":{"line":3,"column":53}},"3":{"start":{"line":5,"column":18},"end":{"line":5,"column":33}},"4":{"start":{"line":6,"column":17},"end":{"line":6,"column":52}},"5":{"start":{"line":7,"column":23},"end":{"line":12,"column":1}},"6":{"start":{"line":11,"column":3},"end":{"line":11,"column":62}},"7":{"start":{"line":7,"column":13},"end":{"line":7,"column":23}},"8":{"start":{"line":16,"column":1},"end":{"line":20,"column":6}},"9":{"start":{"line":19,"column":8},"end":{"line":19,"column":58}},"10":{"start":{"line":15,"column":13},"end":{"line":15,"column":null}}},"fnMap":{"0":{"name":"(anonymous_1)","decl":{"start":{"line":7,"column":23},"end":{"line":7,"column":null}},"loc":{"start":{"line":10,"column":5},"end":{"line":12,"column":1}}},"1":{"name":"(anonymous_2)","decl":{"start":{"line":16,"column":1},"end":{"line":16,"column":null}},"loc":{"start":{"line":18,"column":8},"end":{"line":20,"column":6}}}},"branchMap":{},"s":{"0":1,"1":1,"2":1,"3":1,"4":1,"5":1,"6":1,"7":1,"8":1,"9":2,"10":1},"f":{"0":1,"1":2},"b":{}}
,"C:\\Users\\IT USER\\Documents\\GitHub\\NodejsGSkLecture\\Express-101\\module\\user\\user.controller.ts": {"path":"C:\\Users\\IT USER\\Documents\\GitHub\\NodejsGSkLecture\\Express-101\\module\\user\\user.controller.ts","statementMap":{"0":{"start":{"line":2,"column":0},"end":{"line":2,"column":45}},"1":{"start":{"line":4,"column":26},"end":{"line":4,"column":37}},"2":{"start":{"line":6,"column":13},"end":{"line":15,"column":3}},"3":{"start":{"line":10,"column":17},"end":{"line":10,"column":39}},"4":{"start":{"line":11,"column":18},"end":{"line":11,"column":41}},"5":{"start":{"line":12,"column":18},"end":{"line":12,"column":57}},"6":{"start":{"line":14,"column":4},"end":{"line":14,"column":18}},"7":{"start":{"line":17,"column":12},"end":{"line":28,"column":3}},"8":{"start":{"line":18,"column":15},"end":{"line":18,"column":29}},"9":{"start":{"line":19,"column":4},"end":{"line":19,"column":67}},"10":{"start":{"line":19,"column":13},"end":{"line":19,"column":67}},"11":{"start":{"line":21,"column":17},"end":{"line":21,"column":46}},"12":{"start":{"line":22,"column":4},"end":{"line":24,"column":5}},"13":{"start":{"line":23,"column":6},"end":{"line":23,"column":63}},"14":{"start":{"line":26,"column":4},"end":{"line":26,"column":17}},"15":{"start":{"line":30,"column":15},"end":{"line":40,"column":3}},"16":{"start":{"line":31,"column":4},"end":{"line":31,"column":90}},"17":{"start":{"line":32,"column":38},"end":{"line":32,"column":46}},"18":{"start":{"line":33,"column":4},"end":{"line":33,"column":39}},"19":{"start":{"line":34,"column":4},"end":{"line":34,"column":26}},"20":{"start":{"line":35,"column":19},"end":{"line":35,"column":73}},"21":{"start":{"line":37,"column":17},"end":{"line":37,"column":76}},"22":{"start":{"line":39,"column":4},"end":{"line":39,"column":21}},"23":{"start":{"line":42,"column":15},"end":{"line":56,"column":3}},"24":{"start":{"line":43,"column":15},"end":{"line":43,"column":28}},"25":{"start":{"line":44,"column":4},"end":{"line":44,"column":67}},"26":{"start":{"line":44,"column":13},"end":{"line":44,"column":67}},"27":{"start":{"line":46,"column":28},"end":{"line":46,"column":36}},"28":{"start":{"line":47,"column":19},"end":{"line":47,"column":73}},"29":{"start":{"line":49,"column":17},"end":{"line":49,"column":70}},"30":{"start":{"line":50,"column":4},"end":{"line":52,"column":5}},"31":{"start":{"line":51,"column":6},"end":{"line":51,"column":63}},"32":{"start":{"line":55,"column":4},"end":{"line":55,"column":21}},"33":{"start":{"line":58,"column":15},"end":{"line":68,"column":3}},"34":{"start":{"line":59,"column":15},"end":{"line":59,"column":28}},"35":{"start":{"line":60,"column":4},"end":{"line":60,"column":67}},"36":{"start":{"line":60,"column":13},"end":{"line":60,"column":67}},"37":{"start":{"line":62,"column":20},"end":{"line":62,"column":52}},"38":{"start":{"line":63,"column":4},"end":{"line":65,"column":5}},"39":{"start":{"line":64,"column":6},"end":{"line":64,"column":63}},"40":{"start":{"line":66,"column":4},"end":{"line":66,"column":15}},"41":{"start":{"line":3,"column":0},"end":{"line":3,"column":13}}},"fnMap":{"0":{"name":"(anonymous_0)","decl":{"start":{"line":6,"column":13},"end":{"line":6,"column":null}},"loc":{"start":{"line":9,"column":6},"end":{"line":15,"column":3}}},"1":{"name":"(anonymous_1)","decl":{"start":{"line":17,"column":12},"end":{"line":17,"column":13}},"loc":{"start":{"line":17,"column":61},"end":{"line":28,"column":3}}},"2":{"name":"(anonymous_2)","decl":{"start":{"line":30,"column":15},"end":{"line":30,"column":16}},"loc":{"start":{"line":30,"column":47},"end":{"line":40,"column":3}}},"3":{"name":"(anonymous_3)","decl":{"start":{"line":42,"column":15},"end":{"line":42,"column":16}},"loc":{"start":{"line":42,"column":47},"end":{"line":56,"column":3}}},"4":{"name":"(anonymous_4)","decl":{"start":{"line":58,"column":15},"end":{"line":58,"column":16}},"loc":{"start":{"line":58,"column":47},"end":{"line":68,"column":3}}}},"branchMap":{"0":{"loc":{"start":{"line":19,"column":4},"end":{"line":19,"column":67}},"type":"if","locations":[{"start":{"line":19,"column":4},"end":{"line":19,"column":67}},{"start":{},"end":{}}]},"1":{"loc":{"start":{"line":22,"column":4},"end":{"line":24,"column":5}},"type":"if","locations":[{"start":{"line":22,"column":4},"end":{"line":24,"column":5}},{"start":{},"end":{}}]},"2":{"loc":{"start":{"line":35,"column":19},"end":{"line":35,"column":73}},"type":"cond-expr","locations":[{"start":{"line":35,"column":30},"end":{"line":35,"column":61}},{"start":{"line":35,"column":64},"end":{"line":35,"column":73}}]},"3":{"loc":{"start":{"line":44,"column":4},"end":{"line":44,"column":67}},"type":"if","locations":[{"start":{"line":44,"column":4},"end":{"line":44,"column":67}},{"start":{},"end":{}}]},"4":{"loc":{"start":{"line":47,"column":19},"end":{"line":47,"column":73}},"type":"cond-expr","locations":[{"start":{"line":47,"column":30},"end":{"line":47,"column":61}},{"start":{"line":47,"column":64},"end":{"line":47,"column":73}}]},"5":{"loc":{"start":{"line":50,"column":4},"end":{"line":52,"column":5}},"type":"if","locations":[{"start":{"line":50,"column":4},"end":{"line":52,"column":5}},{"start":{},"end":{}}]},"6":{"loc":{"start":{"line":60,"column":4},"end":{"line":60,"column":67}},"type":"if","locations":[{"start":{"line":60,"column":4},"end":{"line":60,"column":67}},{"start":{},"end":{}}]},"7":{"loc":{"start":{"line":63,"column":4},"end":{"line":65,"column":5}},"type":"if","locations":[{"start":{"line":63,"column":4},"end":{"line":65,"column":5}},{"start":{},"end":{}}]}},"s":{"0":1,"1":1,"2":1,"3":1,"4":1,"5":1,"6":1,"7":1,"8":0,"9":0,"10":0,"11":0,"12":0,"13":0,"14":0,"15":1,"16":1,"17":1,"18":1,"19":1,"20":1,"21":1,"22":1,"23":1,"24":0,"25":0,"26":0,"27":0,"28":0,"29":0,"30":0,"31":0,"32":0,"33":1,"34":0,"35":0,"36":0,"37":0,"38":0,"39":0,"40":0,"41":1},"f":{"0":1,"1":0,"2":1,"3":0,"4":0},"b":{"0":[0,0],"1":[0,0],"2":[0,1],"3":[0,0],"4":[0,0],"5":[0,0],"6":[0,0],"7":[0,0]}}
,"C:\\Users\\IT USER\\Documents\\GitHub\\NodejsGSkLecture\\Express-101\\module\\user\\user.data.ts": {"path":"C:\\Users\\IT USER\\Documents\\GitHub\\NodejsGSkLecture\\Express-101\\module\\user\\user.data.ts","statementMap":{"0":{"start":{"line":1,"column":0},"end":{"line":1,"column":57}},"1":{"start":{"line":3,"column":0},"end":{"line":3,"column":40}},"2":{"start":{"line":6,"column":13},"end":{"line":6,"column":88}}},"fnMap":{},"branchMap":{},"s":{"0":1,"1":1,"2":1},"f":{},"b":{}}
,"C:\\Users\\IT USER\\Documents\\GitHub\\NodejsGSkLecture\\Express-101\\module\\user\\user.repository.ts": {"path":"C:\\Users\\IT USER\\Documents\\GitHub\\NodejsGSkLecture\\Express-101\\module\\user\\user.repository.ts","statementMap":{"0":{"start":{"line":3,"column":0},"end":{"line":3,"column":39}},"1":{"start":{"line":6,"column":24},"end":{"line":6,"column":26}},"2":{"start":{"line":7,"column":22},"end":{"line":7,"column":23}},"3":{"start":{"line":9,"column":3},"end":{"line":9,"column":20}},"4":{"start":{"line":12,"column":4},"end":{"line":12,"column":22}},"5":{"start":{"line":16,"column":4},"end":{"line":16,"column":53}},"6":{"start":{"line":16,"column":37},"end":{"line":16,"column":51}},"7":{"start":{"line":21,"column":4},"end":{"line":21,"column":59}},"8":{"start":{"line":21,"column":37},"end":{"line":21,"column":57}},"9":{"start":{"line":24,"column":23},"end":{"line":31,"column":6}},"10":{"start":{"line":33,"column":4},"end":{"line":35,"column":5}},"11":{"start":{"line":34,"column":6},"end":{"line":34,"column":27}},"12":{"start":{"line":37,"column":4},"end":{"line":37,"column":21}},"13":{"start":{"line":38,"column":4},"end":{"line":38,"column":26}},"14":{"start":{"line":39,"column":4},"end":{"line":39,"column":16}},"15":{"start":{"line":48,"column":17},"end":{"line":48,"column":34}},"16":{"start":{"line":49,"column":4},"end":{"line":49,"column":27}},"17":{"start":{"line":49,"column":15},"end":{"line":49,"column":27}},"18":{"start":{"line":51,"column":4},"end":{"line":51,"column":31}},"19":{"start":{"line":51,"column":14},"end":{"line":51,"column":31}},"20":{"start":{"line":52,"column":4},"end":{"line":52,"column":34}},"21":{"start":{"line":52,"column":15},"end":{"line":52,"column":34}},"22":{"start":{"line":53,"column":4},"end":{"line":53,"column":37}},"23":{"start":{"line":53,"column":16},"end":{"line":53,"column":37}},"24":{"start":{"line":54,"column":4},"end":{"line":54,"column":32}},"25":{"start":{"line":56,"column":4},"end":{"line":56,"column":16}},"26":{"start":{"line":60,"column":18},"end":{"line":60,"column":64}},"27":{"start":{"line":60,"column":49},"end":{"line":60,"column":63}},"28":{"start":{"line":61,"column":4},"end":{"line":61,"column":35}},"29":{"start":{"line":61,"column":22},"end":{"line":61,"column":35}},"30":{"start":{"line":63,"column":4},"end":{"line":63,"column":32}},"31":{"start":{"line":64,"column":4},"end":{"line":64,"column":16}},"32":{"start":{"line":5,"column":0},"end":{"line":5,"column":13}}},"fnMap":{"0":{"name":"(anonymous_0)","decl":{"start":{"line":8,"column":1},"end":{"line":8,"column":13}},"loc":{"start":{"line":8,"column":34},"end":{"line":9,"column":21}}},"1":{"name":"(anonymous_1)","decl":{"start":{"line":11,"column":2},"end":{"line":11,"column":9}},"loc":{"start":{"line":11,"column":9},"end":{"line":13,"column":3}}},"2":{"name":"(anonymous_2)","decl":{"start":{"line":15,"column":2},"end":{"line":15,"column":10}},"loc":{"start":{"line":15,"column":21},"end":{"line":17,"column":3}}},"3":{"name":"(anonymous_3)","decl":{"start":{"line":16,"column":27},"end":{"line":16,"column":28}},"loc":{"start":{"line":16,"column":37},"end":{"line":16,"column":51}}},"4":{"name":"(anonymous_4)","decl":{"start":{"line":20,"column":2},"end":{"line":20,"column":13}},"loc":{"start":{"line":20,"column":27},"end":{"line":22,"column":3}}},"5":{"name":"(anonymous_5)","decl":{"start":{"line":21,"column":27},"end":{"line":21,"column":28}},"loc":{"start":{"line":21,"column":37},"end":{"line":21,"column":57}}},"6":{"name":"(anonymous_6)","decl":{"start":{"line":23,"column":2},"end":{"line":23,"column":8}},"loc":{"start":{"line":23,"column":71},"end":{"line":40,"column":3}}},"7":{"name":"(anonymous_7)","decl":{"start":{"line":42,"column":2},"end":{"line":42,"column":8}},"loc":{"start":{"line":46,"column":19},"end":{"line":57,"column":3}}},"8":{"name":"(anonymous_8)","decl":{"start":{"line":59,"column":2},"end":{"line":59,"column":8}},"loc":{"start":{"line":59,"column":19},"end":{"line":65,"column":3}}},"9":{"name":"(anonymous_9)","decl":{"start":{"line":60,"column":39},"end":{"line":60,"column":40}},"loc":{"start":{"line":60,"column":49},"end":{"line":60,"column":63}}}},"branchMap":{"0":{"loc":{"start":{"line":8,"column":13},"end":{"line":8,"column":34}},"type":"default-arg","locations":[{"start":{"line":8,"column":26},"end":{"line":8,"column":34}}]},"1":{"loc":{"start":{"line":33,"column":4},"end":{"line":35,"column":5}},"type":"if","locations":[{"start":{"line":33,"column":4},"end":{"line":35,"column":5}},{"start":{},"end":{}}]},"2":{"loc":{"start":{"line":49,"column":4},"end":{"line":49,"column":27}},"type":"if","locations":[{"start":{"line":49,"column":4},"end":{"line":49,"column":27}},{"start":{},"end":{}}]},"3":{"loc":{"start":{"line":51,"column":4},"end":{"line":51,"column":31}},"type":"if","locations":[{"start":{"line":51,"column":4},"end":{"line":51,"column":31}},{"start":{},"end":{}}]},"4":{"loc":{"start":{"line":52,"column":4},"end":{"line":52,"column":34}},"type":"if","locations":[{"start":{"line":52,"column":4},"end":{"line":52,"column":34}},{"start":{},"end":{}}]},"5":{"loc":{"start":{"line":53,"column":4},"end":{"line":53,"column":37}},"type":"if","locations":[{"start":{"line":53,"column":4},"end":{"line":53,"column":37}},{"start":{},"end":{}}]},"6":{"loc":{"start":{"line":61,"column":4},"end":{"line":61,"column":35}},"type":"if","locations":[{"start":{"line":61,"column":4},"end":{"line":61,"column":35}},{"start":{},"end":{}}]}},"s":{"0":1,"1":2,"2":2,"3":2,"4":1,"5":0,"6":0,"7":1,"8":11,"9":1,"10":1,"11":0,"12":1,"13":1,"14":1,"15":0,"16":0,"17":0,"18":0,"19":0,"20":0,"21":0,"22":0,"23":0,"24":0,"25":0,"26":0,"27":0,"28":0,"29":0,"30":0,"31":0,"32":1},"f":{"0":2,"1":1,"2":0,"3":0,"4":1,"5":11,"6":1,"7":0,"8":0,"9":0},"b":{"0":[2],"1":[0,1],"2":[0,0],"3":[0,0],"4":[0,0],"5":[0,0],"6":[0,0]}}
,"C:\\Users\\IT USER\\Documents\\GitHub\\NodejsGSkLecture\\Express-101\\module\\user\\user.routes.ts": {"path":"C:\\Users\\IT USER\\Documents\\GitHub\\NodejsGSkLecture\\Express-101\\module\\user\\user.routes.ts","statementMap":{"0":{"start":{"line":1,"column":0},"end":{"line":1,"column":33}},"1":{"start":{"line":2,"column":0},"end":{"line":2,"column":51}},"2":{"start":{"line":3,"column":0},"end":{"line":3,"column":58}},"3":{"start":{"line":4,"column":0},"end":{"line":4,"column":68}},"4":{"start":{"line":5,"column":15},"end":{"line":5,"column":23}},"5":{"start":{"line":7,"column":0},"end":{"line":7,"column":28}},"6":{"start":{"line":8,"column":23},"end":{"line":8,"column":43}},"7":{"start":{"line":11,"column":0},"end":{"line":11,"column":41}},"8":{"start":{"line":14,"column":0},"end":{"line":14,"column":44}},"9":{"start":{"line":17,"column":0},"end":{"line":17,"column":68}},"10":{"start":{"line":20,"column":0},"end":{"line":20,"column":72}},"11":{"start":{"line":23,"column":0},"end":{"line":23,"column":49}},"12":{"start":{"line":25,"column":13},"end":{"line":25,"column":33}}},"fnMap":{},"branchMap":{},"s":{"0":1,"1":1,"2":1,"3":1,"4":1,"5":1,"6":1,"7":1,"8":1,"9":1,"10":1,"11":1,"12":1},"f":{},"b":{}}
,"C:\\Users\\IT USER\\Documents\\GitHub\\NodejsGSkLecture\\Express-101\\module\\user\\user.service.ts": {"path":"C:\\Users\\IT USER\\Documents\\GitHub\\NodejsGSkLecture\\Express-101\\module\\user\\user.service.ts","statementMap":{"0":{"start":{"line":1,"column":0},"end":{"line":1,"column":51}},"1":{"start":{"line":6,"column":23},"end":{"line":6,"column":43}},"2":{"start":{"line":9,"column":4},"end":{"line":9,"column":37}},"3":{"start":{"line":13,"column":4},"end":{"line":13,"column":40}},"4":{"start":{"line":16,"column":4},"end":{"line":16,"column":47}},"5":{"start":{"line":26,"column":4},"end":{"line":26,"column":65}},"6":{"start":{"line":35,"column":4},"end":{"line":35,"column":59}},"7":{"start":{"line":39,"column":4},"end":{"line":39,"column":38}},"8":{"start":{"line":43,"column":3},"end":{"line":43,"column":42}},"9":{"start":{"line":48,"column":13},"end":{"line":48,"column":43}}},"fnMap":{"0":{"name":"(anonymous_0)","decl":{"start":{"line":8,"column":2},"end":{"line":8,"column":10}},"loc":{"start":{"line":8,"column":38},"end":{"line":10,"column":3}}},"1":{"name":"(anonymous_1)","decl":{"start":{"line":12,"column":2},"end":{"line":12,"column":9}},"loc":{"start":{"line":12,"column":20},"end":{"line":14,"column":3}}},"2":{"name":"(anonymous_2)","decl":{"start":{"line":15,"column":9},"end":{"line":15,"column":20}},"loc":{"start":{"line":15,"column":33},"end":{"line":18,"column":3}}},"3":{"name":"(anonymous_3)","decl":{"start":{"line":20,"column":9},"end":{"line":20,"column":19}},"loc":{"start":{"line":24,"column":19},"end":{"line":27,"column":3}}},"4":{"name":"(anonymous_4)","decl":{"start":{"line":29,"column":2},"end":{"line":29,"column":12}},"loc":{"start":{"line":33,"column":19},"end":{"line":36,"column":3}}},"5":{"name":"(anonymous_5)","decl":{"start":{"line":38,"column":2},"end":{"line":38,"column":12}},"loc":{"start":{"line":38,"column":23},"end":{"line":40,"column":3}}},"6":{"name":"(anonymous_6)","decl":{"start":{"line":41,"column":2},"end":{"line":41,"column":15}},"loc":{"start":{"line":41,"column":25},"end":{"line":45,"column":3}}}},"branchMap":{},"s":{"0":1,"1":1,"2":1,"3":0,"4":0,"5":1,"6":0,"7":0,"8":0,"9":1},"f":{"0":1,"1":0,"2":0,"3":1,"4":0,"5":0,"6":0},"b":{}}
,"C:\\Users\\IT USER\\Documents\\GitHub\\NodejsGSkLecture\\Express-101\\module\\user\\seeds\\user.seed.ts": {"path":"C:\\Users\\IT USER\\Documents\\GitHub\\NodejsGSkLecture\\Express-101\\module\\user\\seeds\\user.seed.ts","statementMap":{"0":{"start":{"line":3,"column":0},"end":{"line":3,"column":16}},"1":{"start":{"line":1,"column":0},"end":{"line":1,"column":40}},"2":{"start":{"line":4,"column":27},"end":{"line":12,"column":null}},"3":{"start":{"line":13,"column":2},"end":{"line":13,"column":20}}},"fnMap":{"0":{"name":"createRandomUser","decl":{"start":{"line":3,"column":16},"end":{"line":3,"column":32}},"loc":{"start":{"line":3,"column":32},"end":{"line":14,"column":1}}}},"branchMap":{},"s":{"0":1,"1":1,"2":1,"3":1},"f":{"0":1},"b":{}}
,"C:\\Users\\IT USER\\Documents\\GitHub\\NodejsGSkLecture\\Express-101\\module\\user\\util\\user.schema.ts": {"path":"C:\\Users\\IT USER\\Documents\\GitHub\\NodejsGSkLecture\\Express-101\\module\\user\\util\\user.schema.ts","statementMap":{"0":{"start":{"line":1,"column":0},"end":{"line":1,"column":33}},"1":{"start":{"line":4,"column":13},"end":{"line":12,"column":27}}},"fnMap":{},"branchMap":{},"s":{"0":1,"1":1},"f":{},"b":{}}
,"C:\\Users\\IT USER\\Documents\\GitHub\\NodejsGSkLecture\\Express-101\\seeds\\user.seed.ts": {"path":"C:\\Users\\IT USER\\Documents\\GitHub\\NodejsGSkLecture\\Express-101\\seeds\\user.seed.ts","statementMap":{"0":{"start":{"line":3,"column":0},"end":{"line":3,"column":16}},"1":{"start":{"line":1,"column":0},"end":{"line":1,"column":40}},"2":{"start":{"line":4,"column":27},"end":{"line":12,"column":null}},"3":{"start":{"line":13,"column":2},"end":{"line":13,"column":20}}},"fnMap":{"0":{"name":"createRandomUser","decl":{"start":{"line":3,"column":16},"end":{"line":3,"column":32}},"loc":{"start":{"line":3,"column":32},"end":{"line":14,"column":1}}}},"branchMap":{},"s":{"0":1,"1":1,"2":10,"3":10},"f":{"0":10},"b":{}}
,"C:\\Users\\IT USER\\Documents\\GitHub\\NodejsGSkLecture\\Express-101\\tests\\helper\\supertest.helper.ts": {"path":"C:\\Users\\IT USER\\Documents\\GitHub\\NodejsGSkLecture\\Express-101\\tests\\helper\\supertest.helper.ts","statementMap":{"0":{"start":{"line":1,"column":0},"end":{"line":1,"column":35}},"1":{"start":{"line":2,"column":0},"end":{"line":2,"column":34}},"2":{"start":{"line":3,"column":0},"end":{"line":3,"column":55}},"3":{"start":{"line":4,"column":0},"end":{"line":4,"column":58}},"4":{"start":{"line":6,"column":14},"end":{"line":6,"column":26}},"5":{"start":{"line":7,"column":14},"end":{"line":7,"column":58}},"6":{"start":{"line":9,"column":13},"end":{"line":9,"column":54}},"7":{"start":{"line":11,"column":13},"end":{"line":13,"column":43}}},"fnMap":{},"branchMap":{},"s":{"0":1,"1":1,"2":1,"3":1,"4":1,"5":1,"6":1,"7":1},"f":{},"b":{}}
,"C:\\Users\\IT USER\\Documents\\GitHub\\NodejsGSkLecture\\Express-101\\utils\\assets.utils.ts": {"path":"C:\\Users\\IT USER\\Documents\\GitHub\\NodejsGSkLecture\\Express-101\\utils\\assets.utils.ts","statementMap":{"0":{"start":{"line":1,"column":0},"end":{"line":1,"column":29}},"1":{"start":{"line":2,"column":0},"end":{"line":2,"column":36}},"2":{"start":{"line":4,"column":35},"end":{"line":7,"column":1}},"3":{"start":{"line":5,"column":19},"end":{"line":5,"column":67}},"4":{"start":{"line":6,"column":2},"end":{"line":6,"column":28}},"5":{"start":{"line":4,"column":13},"end":{"line":4,"column":35}}},"fnMap":{"0":{"name":"(anonymous_1)","decl":{"start":{"line":4,"column":35},"end":{"line":4,"column":40}},"loc":{"start":{"line":4,"column":62},"end":{"line":7,"column":1}}}},"branchMap":{},"s":{"0":1,"1":1,"2":1,"3":0,"4":0,"5":1},"f":{"0":0},"b":{}}
,"C:\\Users\\IT USER\\Documents\\GitHub\\NodejsGSkLecture\\Express-101\\utils\\exception.ts": {"path":"C:\\Users\\IT USER\\Documents\\GitHub\\NodejsGSkLecture\\Express-101\\utils\\exception.ts","statementMap":{"0":{"start":{"line":5,"column":21},"end":{"line":5,"column":29}},"1":{"start":{"line":11,"column":4},"end":{"line":11,"column":15}},"2":{"start":{"line":8,"column":11},"end":{"line":8,"column":37}},"3":{"start":{"line":9,"column":11},"end":{"line":9,"column":38}},"4":{"start":{"line":4,"column":0},"end":{"line":4,"column":13}},"5":{"start":{"line":15,"column":27},"end":{"line":24,"column":1}},"6":{"start":{"line":16,"column":2},"end":{"line":20,"column":3}},"7":{"start":{"line":17,"column":4},"end":{"line":17,"column":38}},"8":{"start":{"line":18,"column":4},"end":{"line":18,"column":53}},"9":{"start":{"line":19,"column":4},"end":{"line":19,"column":11}},"10":{"start":{"line":23,"column":2},"end":{"line":23,"column":42}},"11":{"start":{"line":15,"column":13},"end":{"line":15,"column":27}}},"fnMap":{"0":{"name":"(anonymous_0)","decl":{"start":{"line":6,"column":2},"end":{"line":6,"column":null}},"loc":{"start":{"line":9,"column":38},"end":{"line":12,"column":3}}},"1":{"name":"(anonymous_1)","decl":{"start":{"line":15,"column":27},"end":{"line":15,"column":28}},"loc":{"start":{"line":15,"column":61},"end":{"line":24,"column":1}}}},"branchMap":{"0":{"loc":{"start":{"line":16,"column":2},"end":{"line":20,"column":3}},"type":"if","locations":[{"start":{"line":16,"column":2},"end":{"line":20,"column":3}},{"start":{},"end":{}}]}},"s":{"0":1,"1":1,"2":1,"3":1,"4":1,"5":1,"6":1,"7":1,"8":1,"9":1,"10":0,"11":1},"f":{"0":1,"1":1},"b":{"0":[1,0]}}
,"C:\\Users\\IT USER\\Documents\\GitHub\\NodejsGSkLecture\\Express-101\\utils\\object.util.ts": {"path":"C:\\Users\\IT USER\\Documents\\GitHub\\NodejsGSkLecture\\Express-101\\utils\\object.util.ts","statementMap":{"0":{"start":{"line":8,"column":0},"end":{"line":8,"column":16}},"1":{"start":{"line":22,"column":0},"end":{"line":22,"column":16}},"2":{"start":{"line":30,"column":0},"end":{"line":30,"column":16}},"3":{"start":{"line":41,"column":0},"end":{"line":41,"column":16}},"4":{"start":{"line":60,"column":0},"end":{"line":60,"column":16}},"5":{"start":{"line":64,"column":0},"end":{"line":64,"column":16}},"6":{"start":{"line":68,"column":0},"end":{"line":68,"column":16}},"7":{"start":{"line":72,"column":0},"end":{"line":72,"column":16}},"8":{"start":{"line":120,"column":0},"end":{"line":120,"column":16}},"9":{"start":{"line":1,"column":0},"end":{"line":1,"column":41}},"10":{"start":{"line":5,"column":32},"end":{"line":6,"column":66}},"11":{"start":{"line":6,"column":2},"end":{"line":6,"column":66}},"12":{"start":{"line":6,"column":23},"end":{"line":6,"column":58}},"13":{"start":{"line":5,"column":13},"end":{"line":5,"column":32}},"14":{"start":{"line":12,"column":32},"end":{"line":12,"column":48}},"15":{"start":{"line":13,"column":2},"end":{"line":18,"column":3}},"16":{"start":{"line":15,"column":4},"end":{"line":17,"column":5}},"17":{"start":{"line":16,"column":6},"end":{"line":16,"column":32}},"18":{"start":{"line":19,"column":2},"end":{"line":19,"column":19}},"19":{"start":{"line":23,"column":2},"end":{"line":27,"column":18}},"20":{"start":{"line":25,"column":21},"end":{"line":25,"column":58}},"21":{"start":{"line":34,"column":34},"end":{"line":34,"column":54}},"22":{"start":{"line":35,"column":2},"end":{"line":37,"column":3}},"23":{"start":{"line":36,"column":4},"end":{"line":36,"column":28}},"24":{"start":{"line":38,"column":2},"end":{"line":38,"column":35}},"25":{"start":{"line":47,"column":21},"end":{"line":49,"column":29}},"26":{"start":{"line":52,"column":2},"end":{"line":54,"column":3}},"27":{"start":{"line":53,"column":4},"end":{"line":53,"column":31}},"28":{"start":{"line":57,"column":2},"end":{"line":57,"column":15}},"29":{"start":{"line":61,"column":2},"end":{"line":61,"column":58}},"30":{"start":{"line":61,"column":37},"end":{"line":61,"column":53}},"31":{"start":{"line":65,"column":2},"end":{"line":65,"column":50}},"32":{"start":{"line":69,"column":2},"end":{"line":69,"column":54}},"33":{"start":{"line":69,"column":31},"end":{"line":69,"column":52}},"34":{"start":{"line":73,"column":2},"end":{"line":75,"column":3}},"35":{"start":{"line":74,"column":4},"end":{"line":74,"column":51}},"36":{"start":{"line":77,"column":24},"end":{"line":77,"column":26}},"37":{"start":{"line":78,"column":2},"end":{"line":80,"column":3}},"38":{"start":{"line":78,"column":15},"end":{"line":78,"column":16}},"39":{"start":{"line":79,"column":4},"end":{"line":79,"column":42}},"40":{"start":{"line":81,"column":2},"end":{"line":81,"column":16}},"41":{"start":{"line":87,"column":2},"end":{"line":99,"column":3}},"42":{"start":{"line":88,"column":24},"end":{"line":88,"column":49}},"43":{"start":{"line":91,"column":4},"end":{"line":93,"column":5}},"44":{"start":{"line":91,"column":36},"end":{"line":91,"column":53}},"45":{"start":{"line":92,"column":6},"end":{"line":92,"column":59}},"46":{"start":{"line":96,"column":4},"end":{"line":98,"column":11}},"47":{"start":{"line":97,"column":6},"end":{"line":97,"column":56}},"48":{"start":{"line":101,"column":2},"end":{"line":107,"column":3}},"49":{"start":{"line":102,"column":19},"end":{"line":102,"column":49}},"50":{"start":{"line":103,"column":4},"end":{"line":105,"column":5}},"51":{"start":{"line":104,"column":6},"end":{"line":104,"column":47}},"52":{"start":{"line":106,"column":4},"end":{"line":106,"column":18}},"53":{"start":{"line":109,"column":2},"end":{"line":109,"column":15}},"54":{"start":{"line":113,"column":2},"end":{"line":113,"column":53}},"55":{"start":{"line":117,"column":2},"end":{"line":117,"column":78}},"56":{"start":{"line":121,"column":2},"end":{"line":121,"column":65}}},"fnMap":{"0":{"name":"(anonymous_0)","decl":{"start":{"line":5,"column":32},"end":{"line":5,"column":36}},"loc":{"start":{"line":6,"column":2},"end":{"line":6,"column":66}}},"1":{"name":"(anonymous_1)","decl":{"start":{"line":6,"column":13},"end":{"line":6,"column":14}},"loc":{"start":{"line":6,"column":23},"end":{"line":6,"column":58}}},"2":{"name":"extractFields","decl":{"start":{"line":8,"column":16},"end":{"line":8,"column":29}},"loc":{"start":{"line":10,"column":11},"end":{"line":20,"column":1}}},"3":{"name":"cleanObject","decl":{"start":{"line":22,"column":16},"end":{"line":22,"column":27}},"loc":{"start":{"line":22,"column":52},"end":{"line":28,"column":1}}},"4":{"name":"(anonymous_4)","decl":{"start":{"line":25,"column":6},"end":{"line":25,"column":7}},"loc":{"start":{"line":25,"column":21},"end":{"line":25,"column":58}}},"5":{"name":"removeFields","decl":{"start":{"line":30,"column":16},"end":{"line":30,"column":28}},"loc":{"start":{"line":32,"column":11},"end":{"line":39,"column":1}}},"6":{"name":"addArrayItemIfNotIncluded","decl":{"start":{"line":41,"column":16},"end":{"line":41,"column":41}},"loc":{"start":{"line":44,"column":42},"end":{"line":58,"column":1}}},"7":{"name":"sumOfArrayLengths","decl":{"start":{"line":60,"column":16},"end":{"line":60,"column":33}},"loc":{"start":{"line":60,"column":56},"end":{"line":62,"column":1}}},"8":{"name":"(anonymous_8)","decl":{"start":{"line":61,"column":23},"end":{"line":61,"column":24}},"loc":{"start":{"line":61,"column":37},"end":{"line":61,"column":53}}},"9":{"name":"isArrayWithLength","decl":{"start":{"line":64,"column":16},"end":{"line":64,"column":33}},"loc":{"start":{"line":64,"column":51},"end":{"line":66,"column":1}}},"10":{"name":"arrayHasMatches","decl":{"start":{"line":68,"column":16},"end":{"line":68,"column":31}},"loc":{"start":{"line":68,"column":66},"end":{"line":70,"column":1}}},"11":{"name":"(anonymous_11)","decl":{"start":{"line":69,"column":21},"end":{"line":69,"column":22}},"loc":{"start":{"line":69,"column":31},"end":{"line":69,"column":52}}},"12":{"name":"chunkArray","decl":{"start":{"line":72,"column":16},"end":{"line":72,"column":26}},"loc":{"start":{"line":72,"column":54},"end":{"line":82,"column":1}}},"13":{"name":"sortArraysDeep","decl":{"start":{"line":86,"column":9},"end":{"line":86,"column":23}},"loc":{"start":{"line":86,"column":35},"end":{"line":110,"column":1}}},"14":{"name":"(anonymous_14)","decl":{"start":{"line":91,"column":26},"end":{"line":91,"column":27}},"loc":{"start":{"line":91,"column":36},"end":{"line":91,"column":53}}},"15":{"name":"(anonymous_15)","decl":{"start":{"line":96,"column":47},"end":{"line":96,"column":48}},"loc":{"start":{"line":97,"column":6},"end":{"line":97,"column":56}}},"16":{"name":"isPrimitive","decl":{"start":{"line":112,"column":9},"end":{"line":112,"column":20}},"loc":{"start":{"line":112,"column":35},"end":{"line":114,"column":1}}},"17":{"name":"isObject","decl":{"start":{"line":116,"column":9},"end":{"line":116,"column":17}},"loc":{"start":{"line":116,"column":29},"end":{"line":118,"column":1}}},"18":{"name":"isEqualIgnoringArrayOrder","decl":{"start":{"line":120,"column":16},"end":{"line":120,"column":41}},"loc":{"start":{"line":120,"column":55},"end":{"line":122,"column":1}}}},"branchMap":{"0":{"loc":{"start":{"line":6,"column":23},"end":{"line":6,"column":58}},"type":"binary-expr","locations":[{"start":{"line":6,"column":23},"end":{"line":6,"column":36}},{"start":{"line":6,"column":40},"end":{"line":6,"column":58}}]},"1":{"loc":{"start":{"line":15,"column":4},"end":{"line":17,"column":5}},"type":"if","locations":[{"start":{"line":15,"column":4},"end":{"line":17,"column":5}},{"start":{},"end":{}}]},"2":{"loc":{"start":{"line":25,"column":21},"end":{"line":25,"column":58}},"type":"binary-expr","locations":[{"start":{"line":25,"column":21},"end":{"line":25,"column":40}},{"start":{"line":25,"column":44},"end":{"line":25,"column":58}}]},"3":{"loc":{"start":{"line":47,"column":21},"end":{"line":49,"column":29}},"type":"cond-expr","locations":[{"start":{"line":48,"column":6},"end":{"line":48,"column":38}},{"start":{"line":49,"column":6},"end":{"line":49,"column":29}}]},"4":{"loc":{"start":{"line":52,"column":2},"end":{"line":54,"column":3}},"type":"if","locations":[{"start":{"line":52,"column":2},"end":{"line":54,"column":3}},{"start":{},"end":{}}]},"5":{"loc":{"start":{"line":65,"column":9},"end":{"line":65,"column":49}},"type":"binary-expr","locations":[{"start":{"line":65,"column":9},"end":{"line":65,"column":29}},{"start":{"line":65,"column":33},"end":{"line":65,"column":49}}]},"6":{"loc":{"start":{"line":73,"column":2},"end":{"line":75,"column":3}},"type":"if","locations":[{"start":{"line":73,"column":2},"end":{"line":75,"column":3}},{"start":{},"end":{}}]},"7":{"loc":{"start":{"line":87,"column":2},"end":{"line":99,"column":3}},"type":"if","locations":[{"start":{"line":87,"column":2},"end":{"line":99,"column":3}},{"start":{},"end":{}}]},"8":{"loc":{"start":{"line":91,"column":4},"end":{"line":93,"column":5}},"type":"if","locations":[{"start":{"line":91,"column":4},"end":{"line":93,"column":5}},{"start":{},"end":{}}]},"9":{"loc":{"start":{"line":101,"column":2},"end":{"line":107,"column":3}},"type":"if","locations":[{"start":{"line":101,"column":2},"end":{"line":107,"column":3}},{"start":{},"end":{}}]},"10":{"loc":{"start":{"line":113,"column":9},"end":{"line":113,"column":52}},"type":"binary-expr","locations":[{"start":{"line":113,"column":9},"end":{"line":113,"column":34}},{"start":{"line":113,"column":38},"end":{"line":113,"column":52}}]},"11":{"loc":{"start":{"line":117,"column":9},"end":{"line":117,"column":77}},"type":"binary-expr","locations":[{"start":{"line":117,"column":9},"end":{"line":117,"column":34}},{"start":{"line":117,"column":38},"end":{"line":117,"column":52}},{"start":{"line":117,"column":56},"end":{"line":117,"column":77}}]}},"s":{"0":1,"1":1,"2":1,"3":1,"4":1,"5":1,"6":1,"7":1,"8":1,"9":1,"10":1,"11":0,"12":0,"13":1,"14":1,"15":1,"16":3,"17":3,"18":1,"19":0,"20":0,"21":0,"22":0,"23":0,"24":0,"25":0,"26":0,"27":0,"28":0,"29":0,"30":0,"31":0,"32":0,"33":0,"34":0,"35":0,"36":0,"37":0,"38":0,"39":0,"40":0,"41":0,"42":0,"43":0,"44":0,"45":0,"46":0,"47":0,"48":0,"49":0,"50":0,"51":0,"52":0,"53":0,"54":0,"55":0,"56":0},"f":{"0":0,"1":0,"2":1,"3":0,"4":0,"5":0,"6":0,"7":0,"8":0,"9":0,"10":0,"11":0,"12":0,"13":0,"14":0,"15":0,"16":0,"17":0,"18":0},"b":{"0":[0,0],"1":[3,0],"2":[0,0],"3":[0,0],"4":[0,0],"5":[0,0],"6":[0,0],"7":[0,0],"8":[0,0],"9":[0,0],"10":[0,0],"11":[0,0,0]}}
,"C:\\Users\\IT USER\\Documents\\GitHub\\NodejsGSkLecture\\Express-101\\utils\\util.types.ts": {"path":"C:\\Users\\IT USER\\Documents\\GitHub\\NodejsGSkLecture\\Express-101\\utils\\util.types.ts","statementMap":{"0":{"start":{"line":3,"column":13},"end":{"line":22,"column":11}}},"fnMap":{},"branchMap":{},"s":{"0":1},"f":{},"b":{}}
,"C:\\Users\\IT USER\\Documents\\GitHub\\NodejsGSkLecture\\Express-101\\utils\\utils.ts": {"path":"C:\\Users\\IT USER\\Documents\\GitHub\\NodejsGSkLecture\\Express-101\\utils\\utils.ts","statementMap":{"0":{"start":{"line":4,"column":27},"end":{"line":8,"column":1}},"1":{"start":{"line":5,"column":19},"end":{"line":5,"column":39}},"2":{"start":{"line":6,"column":4},"end":{"line":6,"column":70}},"3":{"start":{"line":6,"column":18},"end":{"line":6,"column":70}},"4":{"start":{"line":7,"column":1},"end":{"line":7,"column":17}},"5":{"start":{"line":4,"column":13},"end":{"line":4,"column":27}}},"fnMap":{"0":{"name":"(anonymous_0)","decl":{"start":{"line":4,"column":27},"end":{"line":4,"column":28}},"loc":{"start":{"line":4,"column":51},"end":{"line":8,"column":1}}}},"branchMap":{"0":{"loc":{"start":{"line":6,"column":4},"end":{"line":6,"column":70}},"type":"if","locations":[{"start":{"line":6,"column":4},"end":{"line":6,"column":70}},{"start":{},"end":{}}]}},"s":{"0":1,"1":4,"2":4,"3":0,"4":4,"5":1},"f":{"0":4},"b":{"0":[0,4]}}
,"C:\\Users\\IT USER\\Documents\\GitHub\\NodejsGSkLecture\\Express-101\\utils\\zod.utill.ts": {"path":"C:\\Users\\IT USER\\Documents\\GitHub\\NodejsGSkLecture\\Express-101\\utils\\zod.utill.ts","statementMap":{"0":{"start":{"line":1,"column":0},"end":{"line":1,"column":39}},"1":{"start":{"line":3,"column":0},"end":{"line":3,"column":42}},"2":{"start":{"line":5,"column":0},"end":{"line":5,"column":47}},"3":{"start":{"line":8,"column":28},"end":{"line":31,"column":1}},"4":{"start":{"line":13,"column":0},"end":{"line":30,"column":1}},"5":{"start":{"line":14,"column":19},"end":{"line":14,"column":40}},"6":{"start":{"line":15,"column":4},"end":{"line":15,"column":20}},"7":{"start":{"line":17,"column":4},"end":{"line":22,"column":1}},"8":{"start":{"line":18,"column":0},"end":{"line":20,"column":32}},"9":{"start":{"line":23,"column":0},"end":{"line":28,"column":1}},"10":{"start":{"line":24,"column":4},"end":{"line":26,"column":36}},"11":{"start":{"line":29,"column":0},"end":{"line":29,"column":13}},"12":{"start":{"line":8,"column":14},"end":{"line":8,"column":28}}},"fnMap":{"0":{"name":"(anonymous_0)","decl":{"start":{"line":8,"column":28},"end":{"line":8,"column":32}},"loc":{"start":{"line":8,"column":88},"end":{"line":31,"column":1}}}},"branchMap":{"0":{"loc":{"start":{"line":17,"column":4},"end":{"line":22,"column":1}},"type":"if","locations":[{"start":{"line":17,"column":4},"end":{"line":22,"column":1}},{"start":{},"end":{}}]},"1":{"loc":{"start":{"line":23,"column":0},"end":{"line":28,"column":1}},"type":"if","locations":[{"start":{"line":23,"column":0},"end":{"line":28,"column":1}},{"start":{},"end":{}}]}},"s":{"0":1,"1":1,"2":1,"3":1,"4":0,"5":0,"6":0,"7":0,"8":0,"9":0,"10":0,"11":0,"12":1},"f":{"0":0},"b":{"0":[0,0],"1":[0,0]}}
}
