TN:
SF:server.ts
FN:24,(anonymous_1)
FN:47,(anonymous_2)
FN:66,(anonymous_3)
FN:83,(anonymous_4)
FN:88,(anonymous_5)
FNF:5
FNH:2
FNDA:3,(anonymous_1)
FNDA:0,(anonymous_2)
FNDA:0,(anonymous_3)
FNDA:1,(anonymous_4)
FNDA:0,(anonymous_5)
DA:1,1
DA:3,1
DA:4,1
DA:5,1
DA:6,1
DA:7,1
DA:8,1
DA:9,1
DA:10,1
DA:12,1
DA:13,1
DA:18,1
DA:19,1
DA:21,1
DA:24,1
DA:25,3
DA:26,3
DA:29,1
DA:30,1
DA:31,1
DA:32,1
DA:36,1
DA:45,1
DA:48,0
DA:53,1
DA:54,1
DA:55,1
DA:60,1
DA:63,1
DA:66,1
DA:68,0
DA:69,0
DA:75,0
DA:81,0
DA:83,1
DA:84,1
DA:86,1
DA:88,0
DA:89,0
LF:39
LH:32
BRDA:68,0,0,0
BRDA:68,0,1,0
BRDA:86,1,0,0
BRDA:86,1,1,1
BRF:4
BRH:1
end_of_record
TN:
SF:config\app.config.ts
FNF:0
FNH:0
DA:3,1
DA:4,1
LF:2
LH:2
BRF:0
BRH:0
end_of_record
TN:
SF:config\multer.config.ts
FN:8,(anonymous_1)
FN:11,(anonymous_2)
FN:21,(anonymous_3)
FN:30,(anonymous_4)
FN:32,(anonymous_5)
FNF:5
FNH:1
FNDA:0,(anonymous_1)
FNDA:0,(anonymous_2)
FNDA:0,(anonymous_3)
FNDA:3,(anonymous_4)
FNDA:0,(anonymous_5)
DA:1,1
DA:3,1
DA:5,1
DA:6,1
DA:9,0
DA:12,0
DA:15,0
DA:22,0
DA:23,0
DA:25,0
DA:30,1
DA:31,3
DA:32,1
DA:33,0
LF:14
LH:7
BRDA:22,0,0,0
BRDA:22,0,1,0
BRF:2
BRH:0
end_of_record
TN:
SF:middlewares\auth.middleware.ts
FN:8,(anonymous_0)
FNF:1
FNH:1
FNDA:3,(anonymous_0)
DA:2,1
DA:3,1
DA:4,1
DA:6,1
DA:7,1
DA:8,1
DA:12,3
DA:13,0
DA:14,0
DA:15,0
DA:16,0
DA:19,3
DA:20,3
DA:21,2
DA:22,2
DA:23,2
DA:24,2
DA:26,2
DA:27,2
DA:29,0
DA:32,1
LF:21
LH:16
BRDA:12,0,0,0
BRDA:12,0,1,3
BRDA:14,1,0,0
BRDA:14,1,1,0
BRDA:20,2,0,2
BRDA:20,2,1,1
BRF:6
BRH:3
end_of_record
TN:
SF:middlewares\response.middleware.ts
FN:21,(anonymous_0)
FN:22,(anonymous_1)
FN:25,(anonymous_2)
FN:28,(anonymous_3)
FN:36,(anonymous_4)
FNF:5
FNH:4
FNDA:3,(anonymous_0)
FNDA:1,(anonymous_1)
FNDA:1,(anonymous_2)
FNDA:0,(anonymous_3)
FNDA:2,(anonymous_4)
DA:21,1
DA:22,3
DA:23,1
DA:25,3
DA:26,1
DA:28,3
DA:29,0
DA:33,3
DA:36,2
LF:9
LH:8
BRF:0
BRH:0
end_of_record
TN:
SF:module\auth\auth.controller.ts
FN:27,(anonymous_0)
FN:50,(anonymous_1)
FN:70,(anonymous_2)
FN:85,(anonymous_3)
FN:87,(anonymous_4)
FNF:5
FNH:0
FNDA:0,(anonymous_0)
FNDA:0,(anonymous_1)
FNDA:0,(anonymous_2)
FNDA:0,(anonymous_3)
FNDA:0,(anonymous_4)
DA:2,1
DA:3,1
DA:7,1
DA:8,1
DA:11,1
DA:13,1
DA:15,1
DA:16,1
DA:32,0
DA:33,0
DA:34,0
DA:35,0
DA:36,0
DA:40,0
DA:41,0
DA:42,0
DA:44,0
DA:52,0
DA:54,0
DA:55,0
DA:56,0
DA:58,0
DA:60,0
DA:62,0
DA:67,0
DA:72,0
DA:74,0
DA:75,0
DA:76,0
DA:78,0
DA:80,0
DA:82,0
DA:87,0
DA:89,0
DA:92,0
DA:95,1
LF:36
LH:9
BRDA:41,0,0,0
BRDA:41,0,1,0
BRDA:55,1,0,0
BRDA:55,1,1,0
BRDA:75,2,0,0
BRDA:75,2,1,0
BRF:6
BRH:0
end_of_record
TN:
SF:module\auth\auth.router.ts
FNF:0
FNH:0
DA:1,1
DA:2,1
DA:3,1
DA:5,1
DA:8,1
DA:12,1
DA:13,1
DA:16,1
DA:18,1
LF:9
LH:9
BRF:0
BRH:0
end_of_record
TN:
SF:module\auth\auth.service.ts
FN:8,(anonymous_0)
FN:22,(anonymous_1)
FNF:2
FNH:0
FNDA:0,(anonymous_0)
FNDA:0,(anonymous_1)
DA:2,1
DA:3,1
DA:4,1
DA:6,1
DA:7,1
DA:10,0
DA:12,0
DA:19,0
DA:24,0
DA:26,0
DA:27,0
DA:30,0
DA:31,0
DA:32,0
DA:35,0
LF:15
LH:5
BRDA:26,0,0,0
BRDA:26,0,1,0
BRDA:31,1,0,0
BRDA:31,1,1,0
BRF:4
BRH:0
end_of_record
TN:
SF:module\auth\util\argon.utils.ts
FN:3,(anonymous_1)
FN:8,(anonymous_2)
FNF:2
FNH:0
FNDA:0,(anonymous_1)
FNDA:0,(anonymous_2)
DA:1,1
DA:3,1
DA:4,0
DA:8,1
DA:9,0
LF:5
LH:3
BRF:0
BRH:0
end_of_record
TN:
SF:module\auth\util\auth.schema.ts
FNF:0
FNH:0
DA:1,1
DA:5,1
DA:14,1
LF:3
LH:3
BRF:0
BRH:0
end_of_record
TN:
SF:module\auth\util\jwt.util.ts
FN:7,(anonymous_1)
FN:16,(anonymous_2)
FNF:2
FNH:2
FNDA:1,(anonymous_1)
FNDA:2,(anonymous_2)
DA:1,1
DA:2,1
DA:3,1
DA:5,1
DA:6,1
DA:7,1
DA:11,1
DA:15,1
DA:16,1
DA:19,2
LF:10
LH:10
BRF:0
BRH:0
end_of_record
TN:
SF:module\user\user.controller.ts
FN:6,(anonymous_0)
FN:17,(anonymous_1)
FN:30,(anonymous_2)
FN:42,(anonymous_3)
FN:58,(anonymous_4)
FNF:5
FNH:2
FNDA:1,(anonymous_0)
FNDA:0,(anonymous_1)
FNDA:1,(anonymous_2)
FNDA:0,(anonymous_3)
FNDA:0,(anonymous_4)
DA:2,1
DA:3,1
DA:4,1
DA:6,1
DA:10,1
DA:11,1
DA:12,1
DA:14,1
DA:17,1
DA:18,0
DA:19,0
DA:21,0
DA:22,0
DA:23,0
DA:26,0
DA:30,1
DA:31,1
DA:32,1
DA:33,1
DA:34,1
DA:35,1
DA:37,1
DA:39,1
DA:42,1
DA:43,0
DA:44,0
DA:46,0
DA:47,0
DA:49,0
DA:50,0
DA:51,0
DA:55,0
DA:58,1
DA:59,0
DA:60,0
DA:62,0
DA:63,0
DA:64,0
DA:66,0
LF:39
LH:19
BRDA:19,0,0,0
BRDA:19,0,1,0
BRDA:22,1,0,0
BRDA:22,1,1,0
BRDA:35,2,0,0
BRDA:35,2,1,1
BRDA:44,3,0,0
BRDA:44,3,1,0
BRDA:47,4,0,0
BRDA:47,4,1,0
BRDA:50,5,0,0
BRDA:50,5,1,0
BRDA:60,6,0,0
BRDA:60,6,1,0
BRDA:63,7,0,0
BRDA:63,7,1,0
BRF:16
BRH:1
end_of_record
TN:
SF:module\user\user.data.ts
FNF:0
FNH:0
DA:1,1
DA:3,1
DA:6,1
LF:3
LH:3
BRF:0
BRH:0
end_of_record
TN:
SF:module\user\user.repository.ts
FN:8,(anonymous_0)
FN:11,(anonymous_1)
FN:15,(anonymous_2)
FN:16,(anonymous_3)
FN:20,(anonymous_4)
FN:21,(anonymous_5)
FN:23,(anonymous_6)
FN:42,(anonymous_7)
FN:59,(anonymous_8)
FN:60,(anonymous_9)
FNF:10
FNH:5
FNDA:2,(anonymous_0)
FNDA:1,(anonymous_1)
FNDA:0,(anonymous_2)
FNDA:0,(anonymous_3)
FNDA:1,(anonymous_4)
FNDA:11,(anonymous_5)
FNDA:1,(anonymous_6)
FNDA:0,(anonymous_7)
FNDA:0,(anonymous_8)
FNDA:0,(anonymous_9)
DA:3,1
DA:5,1
DA:6,2
DA:7,2
DA:9,2
DA:12,1
DA:16,0
DA:21,11
DA:24,1
DA:33,1
DA:34,0
DA:37,1
DA:38,1
DA:39,1
DA:48,0
DA:49,0
DA:51,0
DA:52,0
DA:53,0
DA:54,0
DA:56,0
DA:60,0
DA:61,0
DA:63,0
DA:64,0
LF:25
LH:12
BRDA:8,0,0,2
BRDA:33,1,0,0
BRDA:33,1,1,1
BRDA:49,2,0,0
BRDA:49,2,1,0
BRDA:51,3,0,0
BRDA:51,3,1,0
BRDA:52,4,0,0
BRDA:52,4,1,0
BRDA:53,5,0,0
BRDA:53,5,1,0
BRDA:61,6,0,0
BRDA:61,6,1,0
BRF:13
BRH:2
end_of_record
TN:
SF:module\user\user.routes.ts
FNF:0
FNH:0
DA:1,1
DA:2,1
DA:3,1
DA:4,1
DA:5,1
DA:7,1
DA:8,1
DA:11,1
DA:14,1
DA:17,1
DA:20,1
DA:23,1
DA:25,1
LF:13
LH:13
BRF:0
BRH:0
end_of_record
TN:
SF:module\user\user.service.ts
FN:8,(anonymous_0)
FN:12,(anonymous_1)
FN:15,(anonymous_2)
FN:20,(anonymous_3)
FN:29,(anonymous_4)
FN:38,(anonymous_5)
FN:41,(anonymous_6)
FNF:7
FNH:2
FNDA:1,(anonymous_0)
FNDA:0,(anonymous_1)
FNDA:0,(anonymous_2)
FNDA:1,(anonymous_3)
FNDA:0,(anonymous_4)
FNDA:0,(anonymous_5)
FNDA:0,(anonymous_6)
DA:1,1
DA:6,1
DA:9,1
DA:13,0
DA:16,0
DA:26,1
DA:35,0
DA:39,0
DA:43,0
DA:48,1
LF:10
LH:5
BRF:0
BRH:0
end_of_record
TN:
SF:module\user\seeds\user.seed.ts
FN:3,createRandomUser
FNF:1
FNH:1
FNDA:1,createRandomUser
DA:1,1
DA:3,1
DA:4,1
DA:13,1
LF:4
LH:4
BRF:0
BRH:0
end_of_record
TN:
SF:module\user\util\user.schema.ts
FNF:0
FNH:0
DA:1,1
DA:4,1
LF:2
LH:2
BRF:0
BRH:0
end_of_record
TN:
SF:seeds\user.seed.ts
FN:3,createRandomUser
FNF:1
FNH:1
FNDA:10,createRandomUser
DA:1,1
DA:3,1
DA:4,10
DA:13,10
LF:4
LH:4
BRF:0
BRH:0
end_of_record
TN:
SF:tests\helper\supertest.helper.ts
FNF:0
FNH:0
DA:1,1
DA:2,1
DA:3,1
DA:4,1
DA:6,1
DA:7,1
DA:9,1
DA:11,1
LF:8
LH:8
BRF:0
BRH:0
end_of_record
TN:
SF:utils\assets.utils.ts
FN:4,(anonymous_1)
FNF:1
FNH:0
FNDA:0,(anonymous_1)
DA:1,1
DA:2,1
DA:4,1
DA:5,0
DA:6,0
LF:5
LH:3
BRF:0
BRH:0
end_of_record
TN:
SF:utils\exception.ts
FN:6,(anonymous_0)
FN:15,(anonymous_1)
FNF:2
FNH:2
FNDA:1,(anonymous_0)
FNDA:1,(anonymous_1)
DA:4,1
DA:5,1
DA:8,1
DA:9,1
DA:11,1
DA:15,1
DA:16,1
DA:17,1
DA:18,1
DA:19,1
DA:23,0
LF:11
LH:10
BRDA:16,0,0,1
BRDA:16,0,1,0
BRF:2
BRH:1
end_of_record
TN:
SF:utils\object.util.ts
FN:5,(anonymous_0)
FN:6,(anonymous_1)
FN:8,extractFields
FN:22,cleanObject
FN:25,(anonymous_4)
FN:30,removeFields
FN:41,addArrayItemIfNotIncluded
FN:60,sumOfArrayLengths
FN:61,(anonymous_8)
FN:64,isArrayWithLength
FN:68,arrayHasMatches
FN:69,(anonymous_11)
FN:72,chunkArray
FN:86,sortArraysDeep
FN:91,(anonymous_14)
FN:96,(anonymous_15)
FN:112,isPrimitive
FN:116,isObject
FN:120,isEqualIgnoringArrayOrder
FNF:19
FNH:1
FNDA:0,(anonymous_0)
FNDA:0,(anonymous_1)
FNDA:1,extractFields
FNDA:0,cleanObject
FNDA:0,(anonymous_4)
FNDA:0,removeFields
FNDA:0,addArrayItemIfNotIncluded
FNDA:0,sumOfArrayLengths
FNDA:0,(anonymous_8)
FNDA:0,isArrayWithLength
FNDA:0,arrayHasMatches
FNDA:0,(anonymous_11)
FNDA:0,chunkArray
FNDA:0,sortArraysDeep
FNDA:0,(anonymous_14)
FNDA:0,(anonymous_15)
FNDA:0,isPrimitive
FNDA:0,isObject
FNDA:0,isEqualIgnoringArrayOrder
DA:1,1
DA:5,1
DA:6,0
DA:8,1
DA:12,1
DA:13,1
DA:15,3
DA:16,3
DA:19,1
DA:22,1
DA:23,0
DA:25,0
DA:30,1
DA:34,0
DA:35,0
DA:36,0
DA:38,0
DA:41,1
DA:47,0
DA:52,0
DA:53,0
DA:57,0
DA:60,1
DA:61,0
DA:64,1
DA:65,0
DA:68,1
DA:69,0
DA:72,1
DA:73,0
DA:74,0
DA:77,0
DA:78,0
DA:79,0
DA:81,0
DA:87,0
DA:88,0
DA:91,0
DA:92,0
DA:96,0
DA:97,0
DA:101,0
DA:102,0
DA:103,0
DA:104,0
DA:106,0
DA:109,0
DA:113,0
DA:117,0
DA:120,1
DA:121,0
LF:51
LH:16
BRDA:6,0,0,0
BRDA:6,0,1,0
BRDA:15,1,0,3
BRDA:15,1,1,0
BRDA:25,2,0,0
BRDA:25,2,1,0
BRDA:47,3,0,0
BRDA:47,3,1,0
BRDA:52,4,0,0
BRDA:52,4,1,0
BRDA:65,5,0,0
BRDA:65,5,1,0
BRDA:73,6,0,0
BRDA:73,6,1,0
BRDA:87,7,0,0
BRDA:87,7,1,0
BRDA:91,8,0,0
BRDA:91,8,1,0
BRDA:101,9,0,0
BRDA:101,9,1,0
BRDA:113,10,0,0
BRDA:113,10,1,0
BRDA:117,11,0,0
BRDA:117,11,1,0
BRDA:117,11,2,0
BRF:25
BRH:1
end_of_record
TN:
SF:utils\util.types.ts
FNF:0
FNH:0
DA:3,1
LF:1
LH:1
BRF:0
BRH:0
end_of_record
TN:
SF:utils\utils.ts
FN:4,(anonymous_0)
FNF:1
FNH:1
FNDA:4,(anonymous_0)
DA:4,1
DA:5,4
DA:6,4
DA:7,4
LF:4
LH:4
BRDA:6,0,0,0
BRDA:6,0,1,4
BRF:2
BRH:1
end_of_record
TN:
SF:utils\zod.utill.ts
FN:8,(anonymous_0)
FNF:1
FNH:0
FNDA:0,(anonymous_0)
DA:1,1
DA:3,1
DA:5,1
DA:8,1
DA:13,0
DA:14,0
DA:15,0
DA:17,0
DA:18,0
DA:23,0
DA:24,0
DA:29,0
LF:12
LH:4
BRDA:17,0,0,0
BRDA:17,0,1,0
BRDA:23,1,0,0
BRDA:23,1,1,0
BRF:4
BRH:0
end_of_record
